<?xml version="1.0" encoding="UTF-8"?>
<!-- Generated by org.testng.reporters.JUnitReportReporter -->
<testsuite hostname="DESKTOP-ICEMFP0" name="com.qtpselenium.hybridFramework.runners.MyTestngRunner" tests="2" failures="0" timestamp="24 Nov 2019 13:19:39 GMT" time="132.981" errors="0">
  <testcase name="feature" time="116.152" classname="com.qtpselenium.hybridFramework.runners.MyTestngRunner"/>
  <testcase name="feature" time="16.829" classname="com.qtpselenium.hybridFramework.runners.MyTestngRunner"/>
</testsuite> <!-- com.qtpselenium.hybridFramework.runners.MyTestngRunner -->
