<?xml version="1.0" encoding="UTF-8"?>
<!-- Generated by org.testng.reporters.JUnitReportReporter -->
<testsuite hostname="DESKTOP-ICEMFP0" name="com.qtpselenium.hybridFramework.runners.MyTestngRunner" tests="1" failures="0" timestamp="29 Oct 2019 15:25:33 GMT" time="0.124" errors="0">
  <testcase name="feature" time="0.124" classname="com.qtpselenium.hybridFramework.runners.MyTestngRunner"/>
</testsuite> <!-- com.qtpselenium.hybridFramework.runners.MyTestngRunner -->
